[0.219s] DEBUG:colcon:Command line arguments: ['/usr/bin/colcon', 'build', '--symlink-install']
[0.219s] DEBUG:colcon:Parsed command line arguments: Namespace(log_base=None, log_level=None, verb_name='build', build_base='build', install_base='install', merge_install=False, symlink_install=True, test_result_base=None, continue_on_error=False, executor='parallel', parallel_workers=6, event_handlers=None, ignore_user_meta=False, metas=['./colcon.meta'], base_paths=['.'], packages_ignore=None, packages_ignore_regex=None, paths=None, packages_up_to=None, packages_up_to_regex=None, packages_above=None, packages_above_and_dependencies=None, packages_above_depth=None, packages_select_by_dep=None, packages_skip_by_dep=None, packages_skip_up_to=None, packages_select_build_failed=False, packages_skip_build_finished=False, packages_select_test_failures=False, packages_skip_test_passed=False, packages_select=None, packages_skip=None, packages_select_regex=None, packages_skip_regex=None, packages_start=None, packages_end=None, allow_overriding=[], cmake_args=None, cmake_target=None, cmake_target_skip_unavailable=False, cmake_clean_cache=False, cmake_clean_first=False, cmake_force_configure=False, ament_cmake_args=None, catkin_cmake_args=None, catkin_skip_building_tests=False, verb_parser=<colcon_defaults.argument_parser.defaults.DefaultArgumentsDecorator object at 0xffff960942b0>, verb_extension=<colcon_core.verb.build.BuildVerb object at 0xffff9605fd60>, main=<bound method BuildVerb.main of <colcon_core.verb.build.BuildVerb object at 0xffff9605fd60>>)
[0.588s] Level 1:colcon.colcon_core.package_discovery:discover_packages(colcon_meta) check parameters
[0.589s] Level 1:colcon.colcon_core.package_discovery:discover_packages(recursive) check parameters
[0.589s] Level 1:colcon.colcon_core.package_discovery:discover_packages(ignore) check parameters
[0.589s] Level 1:colcon.colcon_core.package_discovery:discover_packages(path) check parameters
[0.589s] Level 1:colcon.colcon_core.package_discovery:discover_packages(colcon_meta) discover
[0.589s] Level 1:colcon.colcon_core.package_discovery:discover_packages(recursive) discover
[0.589s] INFO:colcon.colcon_core.package_discovery:Crawling recursively for packages in '/home/orin/TeleManus/tm_ws'
[0.590s] Level 1:colcon.colcon_core.package_identification:_identify(.) by extensions ['ignore', 'ignore_ament_install']
[0.590s] Level 1:colcon.colcon_core.package_identification:_identify(.) by extension 'ignore'
[0.590s] Level 1:colcon.colcon_core.package_identification:_identify(.) by extension 'ignore_ament_install'
[0.590s] Level 1:colcon.colcon_core.package_identification:_identify(.) by extensions ['colcon_pkg']
[0.590s] Level 1:colcon.colcon_core.package_identification:_identify(.) by extension 'colcon_pkg'
[0.590s] Level 1:colcon.colcon_core.package_identification:_identify(.) by extensions ['colcon_meta']
[0.590s] Level 1:colcon.colcon_core.package_identification:_identify(.) by extension 'colcon_meta'
[0.590s] Level 1:colcon.colcon_core.package_identification:_identify(.) by extensions ['ros']
[0.590s] Level 1:colcon.colcon_core.package_identification:_identify(.) by extension 'ros'
[0.612s] Level 1:colcon.colcon_core.package_identification:_identify(.) by extensions ['cmake', 'python']
[0.613s] Level 1:colcon.colcon_core.package_identification:_identify(.) by extension 'cmake'
[0.613s] Level 1:colcon.colcon_core.package_identification:_identify(.) by extension 'python'
[0.613s] Level 1:colcon.colcon_core.package_identification:_identify(.) by extensions ['python_setup_py']
[0.613s] Level 1:colcon.colcon_core.package_identification:_identify(.) by extension 'python_setup_py'
[0.613s] Level 1:colcon.colcon_core.package_identification:_identify(build) by extensions ['ignore', 'ignore_ament_install']
[0.614s] Level 1:colcon.colcon_core.package_identification:_identify(build) by extension 'ignore'
[0.614s] Level 1:colcon.colcon_core.package_identification:_identify(build) ignored
[0.614s] Level 1:colcon.colcon_core.package_identification:_identify(install) by extensions ['ignore', 'ignore_ament_install']
[0.614s] Level 1:colcon.colcon_core.package_identification:_identify(install) by extension 'ignore'
[0.614s] Level 1:colcon.colcon_core.package_identification:_identify(install) ignored
[0.614s] Level 1:colcon.colcon_core.package_identification:_identify(log) by extensions ['ignore', 'ignore_ament_install']
[0.615s] Level 1:colcon.colcon_core.package_identification:_identify(log) by extension 'ignore'
[0.615s] Level 1:colcon.colcon_core.package_identification:_identify(log) ignored
[0.615s] Level 1:colcon.colcon_core.package_identification:_identify(src) by extensions ['ignore', 'ignore_ament_install']
[0.615s] Level 1:colcon.colcon_core.package_identification:_identify(src) by extension 'ignore'
[0.615s] Level 1:colcon.colcon_core.package_identification:_identify(src) by extension 'ignore_ament_install'
[0.615s] Level 1:colcon.colcon_core.package_identification:_identify(src) by extensions ['colcon_pkg']
[0.615s] Level 1:colcon.colcon_core.package_identification:_identify(src) by extension 'colcon_pkg'
[0.615s] Level 1:colcon.colcon_core.package_identification:_identify(src) by extensions ['colcon_meta']
[0.616s] Level 1:colcon.colcon_core.package_identification:_identify(src) by extension 'colcon_meta'
[0.616s] Level 1:colcon.colcon_core.package_identification:_identify(src) by extensions ['ros']
[0.616s] Level 1:colcon.colcon_core.package_identification:_identify(src) by extension 'ros'
[0.616s] Level 1:colcon.colcon_core.package_identification:_identify(src) by extensions ['cmake', 'python']
[0.616s] Level 1:colcon.colcon_core.package_identification:_identify(src) by extension 'cmake'
[0.616s] Level 1:colcon.colcon_core.package_identification:_identify(src) by extension 'python'
[0.616s] Level 1:colcon.colcon_core.package_identification:_identify(src) by extensions ['python_setup_py']
[0.616s] Level 1:colcon.colcon_core.package_identification:_identify(src) by extension 'python_setup_py'
[0.616s] Level 1:colcon.colcon_core.package_identification:_identify(src/leap_ik_control) by extensions ['ignore', 'ignore_ament_install']
[0.617s] Level 1:colcon.colcon_core.package_identification:_identify(src/leap_ik_control) by extension 'ignore'
[0.617s] Level 1:colcon.colcon_core.package_identification:_identify(src/leap_ik_control) by extension 'ignore_ament_install'
[0.617s] Level 1:colcon.colcon_core.package_identification:_identify(src/leap_ik_control) by extensions ['colcon_pkg']
[0.617s] Level 1:colcon.colcon_core.package_identification:_identify(src/leap_ik_control) by extension 'colcon_pkg'
[0.617s] Level 1:colcon.colcon_core.package_identification:_identify(src/leap_ik_control) by extensions ['colcon_meta']
[0.617s] Level 1:colcon.colcon_core.package_identification:_identify(src/leap_ik_control) by extension 'colcon_meta'
[0.617s] Level 1:colcon.colcon_core.package_identification:_identify(src/leap_ik_control) by extensions ['ros']
[0.617s] Level 1:colcon.colcon_core.package_identification:_identify(src/leap_ik_control) by extension 'ros'
[0.622s] DEBUG:colcon.colcon_core.package_identification:Package 'src/leap_ik_control' with type 'ros.ament_python' and name 'leap_ik_control'
[0.622s] Level 1:colcon.colcon_core.package_identification:_identify(src/servo_control) by extensions ['ignore', 'ignore_ament_install']
[0.622s] Level 1:colcon.colcon_core.package_identification:_identify(src/servo_control) by extension 'ignore'
[0.623s] Level 1:colcon.colcon_core.package_identification:_identify(src/servo_control) by extension 'ignore_ament_install'
[0.623s] Level 1:colcon.colcon_core.package_identification:_identify(src/servo_control) by extensions ['colcon_pkg']
[0.623s] Level 1:colcon.colcon_core.package_identification:_identify(src/servo_control) by extension 'colcon_pkg'
[0.623s] Level 1:colcon.colcon_core.package_identification:_identify(src/servo_control) by extensions ['colcon_meta']
[0.623s] Level 1:colcon.colcon_core.package_identification:_identify(src/servo_control) by extension 'colcon_meta'
[0.623s] Level 1:colcon.colcon_core.package_identification:_identify(src/servo_control) by extensions ['ros']
[0.623s] Level 1:colcon.colcon_core.package_identification:_identify(src/servo_control) by extension 'ros'
[0.624s] DEBUG:colcon.colcon_core.package_identification:Package 'src/servo_control' with type 'ros.ament_python' and name 'servo_control'
[0.624s] Level 1:colcon.colcon_core.package_discovery:discover_packages(recursive) using defaults
[0.624s] Level 1:colcon.colcon_core.package_discovery:discover_packages(ignore) discover
[0.624s] Level 1:colcon.colcon_core.package_discovery:discover_packages(ignore) using defaults
[0.624s] Level 1:colcon.colcon_core.package_discovery:discover_packages(path) discover
[0.625s] Level 1:colcon.colcon_core.package_discovery:discover_packages(path) using defaults
[0.693s] Level 1:colcon.colcon_core.package_discovery:discover_packages(prefix_path) check parameters
[0.693s] Level 1:colcon.colcon_core.package_discovery:discover_packages(prefix_path) discover
[0.696s] DEBUG:colcon.colcon_installed_package_information.package_discovery:Found 2 installed packages in /home/orin/TeleManus/tm_ws/install
[0.699s] DEBUG:colcon.colcon_installed_package_information.package_discovery:Found 271 installed packages in /opt/ros/humble
[0.702s] Level 1:colcon.colcon_core.package_discovery:discover_packages(prefix_path) using defaults
[0.777s] Level 5:colcon.colcon_core.verb:set package 'leap_ik_control' build argument 'cmake_args' from command line to 'None'
[0.778s] Level 5:colcon.colcon_core.verb:set package 'leap_ik_control' build argument 'cmake_target' from command line to 'None'
[0.778s] Level 5:colcon.colcon_core.verb:set package 'leap_ik_control' build argument 'cmake_target_skip_unavailable' from command line to 'False'
[0.778s] Level 5:colcon.colcon_core.verb:set package 'leap_ik_control' build argument 'cmake_clean_cache' from command line to 'False'
[0.778s] Level 5:colcon.colcon_core.verb:set package 'leap_ik_control' build argument 'cmake_clean_first' from command line to 'False'
[0.778s] Level 5:colcon.colcon_core.verb:set package 'leap_ik_control' build argument 'cmake_force_configure' from command line to 'False'
[0.778s] Level 5:colcon.colcon_core.verb:set package 'leap_ik_control' build argument 'ament_cmake_args' from command line to 'None'
[0.778s] Level 5:colcon.colcon_core.verb:set package 'leap_ik_control' build argument 'catkin_cmake_args' from command line to 'None'
[0.778s] Level 5:colcon.colcon_core.verb:set package 'leap_ik_control' build argument 'catkin_skip_building_tests' from command line to 'False'
[0.778s] DEBUG:colcon.colcon_core.verb:Building package 'leap_ik_control' with the following arguments: {'ament_cmake_args': None, 'build_base': '/home/orin/TeleManus/tm_ws/build/leap_ik_control', 'catkin_cmake_args': None, 'catkin_skip_building_tests': False, 'cmake_args': None, 'cmake_clean_cache': False, 'cmake_clean_first': False, 'cmake_force_configure': False, 'cmake_target': None, 'cmake_target_skip_unavailable': False, 'install_base': '/home/orin/TeleManus/tm_ws/install/leap_ik_control', 'merge_install': False, 'path': '/home/orin/TeleManus/tm_ws/src/leap_ik_control', 'symlink_install': True, 'test_result_base': None}
[0.779s] Level 5:colcon.colcon_core.verb:set package 'servo_control' build argument 'cmake_args' from command line to 'None'
[0.779s] Level 5:colcon.colcon_core.verb:set package 'servo_control' build argument 'cmake_target' from command line to 'None'
[0.779s] Level 5:colcon.colcon_core.verb:set package 'servo_control' build argument 'cmake_target_skip_unavailable' from command line to 'False'
[0.779s] Level 5:colcon.colcon_core.verb:set package 'servo_control' build argument 'cmake_clean_cache' from command line to 'False'
[0.779s] Level 5:colcon.colcon_core.verb:set package 'servo_control' build argument 'cmake_clean_first' from command line to 'False'
[0.779s] Level 5:colcon.colcon_core.verb:set package 'servo_control' build argument 'cmake_force_configure' from command line to 'False'
[0.779s] Level 5:colcon.colcon_core.verb:set package 'servo_control' build argument 'ament_cmake_args' from command line to 'None'
[0.779s] Level 5:colcon.colcon_core.verb:set package 'servo_control' build argument 'catkin_cmake_args' from command line to 'None'
[0.779s] Level 5:colcon.colcon_core.verb:set package 'servo_control' build argument 'catkin_skip_building_tests' from command line to 'False'
[0.779s] DEBUG:colcon.colcon_core.verb:Building package 'servo_control' with the following arguments: {'ament_cmake_args': None, 'build_base': '/home/orin/TeleManus/tm_ws/build/servo_control', 'catkin_cmake_args': None, 'catkin_skip_building_tests': False, 'cmake_args': None, 'cmake_clean_cache': False, 'cmake_clean_first': False, 'cmake_force_configure': False, 'cmake_target': None, 'cmake_target_skip_unavailable': False, 'install_base': '/home/orin/TeleManus/tm_ws/install/servo_control', 'merge_install': False, 'path': '/home/orin/TeleManus/tm_ws/src/servo_control', 'symlink_install': True, 'test_result_base': None}
[0.780s] INFO:colcon.colcon_core.executor:Executing jobs using 'parallel' executor
[0.782s] DEBUG:colcon.colcon_parallel_executor.executor.parallel:run_until_complete
[0.782s] INFO:colcon.colcon_ros.task.ament_python.build:Building ROS package in '/home/orin/TeleManus/tm_ws/src/leap_ik_control' with build type 'ament_python'
[0.783s] Level 1:colcon.colcon_core.shell:create_environment_hook('leap_ik_control', 'ament_prefix_path')
[0.787s] INFO:colcon.colcon_core.plugin_system:Skipping extension 'colcon_core.shell.bat': Not used on non-Windows systems
[0.787s] INFO:colcon.colcon_core.shell:Creating environment hook '/home/orin/TeleManus/tm_ws/install/leap_ik_control/share/leap_ik_control/hook/ament_prefix_path.ps1'
[0.788s] INFO:colcon.colcon_core.shell:Creating environment descriptor '/home/orin/TeleManus/tm_ws/install/leap_ik_control/share/leap_ik_control/hook/ament_prefix_path.dsv'
[0.789s] INFO:colcon.colcon_core.shell:Creating environment hook '/home/orin/TeleManus/tm_ws/install/leap_ik_control/share/leap_ik_control/hook/ament_prefix_path.sh'
[0.791s] INFO:colcon.colcon_core.shell:Skip shell extension 'powershell' for command environment: Not usable outside of PowerShell
[0.791s] DEBUG:colcon.colcon_core.shell:Skip shell extension 'dsv' for command environment
[0.797s] INFO:colcon.colcon_ros.task.ament_python.build:Building ROS package in '/home/orin/TeleManus/tm_ws/src/servo_control' with build type 'ament_python'
[0.797s] Level 1:colcon.colcon_core.shell:create_environment_hook('servo_control', 'ament_prefix_path')
[0.798s] INFO:colcon.colcon_core.shell:Creating environment hook '/home/orin/TeleManus/tm_ws/install/servo_control/share/servo_control/hook/ament_prefix_path.ps1'
[0.799s] INFO:colcon.colcon_core.shell:Creating environment descriptor '/home/orin/TeleManus/tm_ws/install/servo_control/share/servo_control/hook/ament_prefix_path.dsv'
[0.800s] INFO:colcon.colcon_core.shell:Creating environment hook '/home/orin/TeleManus/tm_ws/install/servo_control/share/servo_control/hook/ament_prefix_path.sh'
[0.801s] INFO:colcon.colcon_core.shell:Skip shell extension 'powershell' for command environment: Not usable outside of PowerShell
[0.801s] DEBUG:colcon.colcon_core.shell:Skip shell extension 'dsv' for command environment
[1.359s] INFO:colcon.colcon_core.task.python.build:Building Python package in '/home/orin/TeleManus/tm_ws/src/leap_ik_control'
[1.360s] INFO:colcon.colcon_core.shell:Skip shell extension 'powershell' for command environment: Not usable outside of PowerShell
[1.360s] DEBUG:colcon.colcon_core.shell:Skip shell extension 'dsv' for command environment
[1.925s] INFO:colcon.colcon_core.task.python.build:Building Python package in '/home/orin/TeleManus/tm_ws/src/servo_control'
[1.926s] INFO:colcon.colcon_core.shell:Skip shell extension 'powershell' for command environment: Not usable outside of PowerShell
[1.927s] DEBUG:colcon.colcon_core.shell:Skip shell extension 'dsv' for command environment
[2.679s] DEBUG:colcon.colcon_core.event_handler.log_command:Invoking command in '/home/orin/TeleManus/tm_ws/build/leap_ik_control': PYTHONPATH=/home/orin/TeleManus/tm_ws/build/leap_ik_control/prefix_override:/usr/lib/python3/dist-packages/colcon_core/task/python/colcon_distutils_commands:/home/orin/TeleManus/tm_ws/install/leap_ik_control/lib/python3.10/site-packages:${PYTHONPATH} /usr/bin/python3 -W ignore:setup.py install is deprecated setup.py develop --editable --build-directory /home/orin/TeleManus/tm_ws/build/leap_ik_control/build --no-deps symlink_data
[2.690s] DEBUG:colcon.colcon_core.event_handler.log_command:Invoking command in '/home/orin/TeleManus/tm_ws/build/servo_control': PYTHONPATH=/home/orin/TeleManus/tm_ws/build/servo_control/prefix_override:/usr/lib/python3/dist-packages/colcon_core/task/python/colcon_distutils_commands:/home/orin/TeleManus/tm_ws/install/servo_control/lib/python3.10/site-packages:${PYTHONPATH} /usr/bin/python3 -W ignore:setup.py install is deprecated setup.py develop --editable --build-directory /home/orin/TeleManus/tm_ws/build/servo_control/build --no-deps symlink_data
[3.675s] Level 1:colcon.colcon_core.shell:create_environment_hook('servo_control', 'pythonpath_develop')
[3.676s] INFO:colcon.colcon_core.shell:Creating environment hook '/home/orin/TeleManus/tm_ws/build/servo_control/share/servo_control/hook/pythonpath_develop.ps1'
[3.678s] DEBUG:colcon.colcon_core.event_handler.log_command:Invoked command in '/home/orin/TeleManus/tm_ws/build/servo_control' returned '0': PYTHONPATH=/home/orin/TeleManus/tm_ws/build/servo_control/prefix_override:/usr/lib/python3/dist-packages/colcon_core/task/python/colcon_distutils_commands:/home/orin/TeleManus/tm_ws/install/servo_control/lib/python3.10/site-packages:${PYTHONPATH} /usr/bin/python3 -W ignore:setup.py install is deprecated setup.py develop --editable --build-directory /home/orin/TeleManus/tm_ws/build/servo_control/build --no-deps symlink_data
[3.679s] INFO:colcon.colcon_core.shell:Creating environment descriptor '/home/orin/TeleManus/tm_ws/build/servo_control/share/servo_control/hook/pythonpath_develop.dsv'
[3.681s] INFO:colcon.colcon_core.shell:Creating environment hook '/home/orin/TeleManus/tm_ws/build/servo_control/share/servo_control/hook/pythonpath_develop.sh'
[3.691s] Level 1:colcon.colcon_core.environment:checking '/home/orin/TeleManus/tm_ws/install/servo_control' for CMake module files
[3.693s] Level 1:colcon.colcon_core.environment:checking '/home/orin/TeleManus/tm_ws/install/servo_control' for CMake config files
[3.695s] Level 1:colcon.colcon_core.environment:checking '/home/orin/TeleManus/tm_ws/install/servo_control/lib'
[3.696s] Level 1:colcon.colcon_core.environment:checking '/home/orin/TeleManus/tm_ws/install/servo_control/bin'
[3.696s] Level 1:colcon.colcon_core.environment:checking '/home/orin/TeleManus/tm_ws/install/servo_control/lib/pkgconfig/servo_control.pc'
[3.697s] Level 1:colcon.colcon_core.environment:checking '/home/orin/TeleManus/tm_ws/install/servo_control/lib/python3.10/site-packages'
[3.697s] Level 1:colcon.colcon_core.shell:create_environment_hook('servo_control', 'pythonpath')
[3.698s] INFO:colcon.colcon_core.shell:Creating environment hook '/home/orin/TeleManus/tm_ws/install/servo_control/share/servo_control/hook/pythonpath.ps1'
[3.700s] INFO:colcon.colcon_core.shell:Creating environment descriptor '/home/orin/TeleManus/tm_ws/install/servo_control/share/servo_control/hook/pythonpath.dsv'
[3.701s] INFO:colcon.colcon_core.shell:Creating environment hook '/home/orin/TeleManus/tm_ws/install/servo_control/share/servo_control/hook/pythonpath.sh'
[3.703s] Level 1:colcon.colcon_core.environment:checking '/home/orin/TeleManus/tm_ws/install/servo_control/bin'
[3.703s] Level 1:colcon.colcon_core.environment:create_environment_scripts_only(servo_control)
[3.705s] INFO:colcon.colcon_core.shell:Creating package script '/home/orin/TeleManus/tm_ws/install/servo_control/share/servo_control/package.ps1'
[3.708s] INFO:colcon.colcon_core.shell:Creating package descriptor '/home/orin/TeleManus/tm_ws/install/servo_control/share/servo_control/package.dsv'
[3.710s] INFO:colcon.colcon_core.shell:Creating package script '/home/orin/TeleManus/tm_ws/install/servo_control/share/servo_control/package.sh'
[3.713s] INFO:colcon.colcon_core.shell:Creating package script '/home/orin/TeleManus/tm_ws/install/servo_control/share/servo_control/package.bash'
[3.716s] INFO:colcon.colcon_core.shell:Creating package script '/home/orin/TeleManus/tm_ws/install/servo_control/share/servo_control/package.zsh'
[3.718s] Level 1:colcon.colcon_core.environment:create_file_with_runtime_dependencies(/home/orin/TeleManus/tm_ws/install/servo_control/share/colcon-core/packages/servo_control)
[3.720s] Level 1:colcon.colcon_core.shell:create_environment_hook('leap_ik_control', 'pythonpath_develop')
[3.721s] INFO:colcon.colcon_core.shell:Creating environment hook '/home/orin/TeleManus/tm_ws/build/leap_ik_control/share/leap_ik_control/hook/pythonpath_develop.ps1'
[3.724s] DEBUG:colcon.colcon_core.event_handler.log_command:Invoked command in '/home/orin/TeleManus/tm_ws/build/leap_ik_control' returned '0': PYTHONPATH=/home/orin/TeleManus/tm_ws/build/leap_ik_control/prefix_override:/usr/lib/python3/dist-packages/colcon_core/task/python/colcon_distutils_commands:/home/orin/TeleManus/tm_ws/install/leap_ik_control/lib/python3.10/site-packages:${PYTHONPATH} /usr/bin/python3 -W ignore:setup.py install is deprecated setup.py develop --editable --build-directory /home/orin/TeleManus/tm_ws/build/leap_ik_control/build --no-deps symlink_data
[3.724s] INFO:colcon.colcon_core.shell:Creating environment descriptor '/home/orin/TeleManus/tm_ws/build/leap_ik_control/share/leap_ik_control/hook/pythonpath_develop.dsv'
[3.725s] INFO:colcon.colcon_core.shell:Creating environment hook '/home/orin/TeleManus/tm_ws/build/leap_ik_control/share/leap_ik_control/hook/pythonpath_develop.sh'
[3.728s] Level 1:colcon.colcon_core.environment:checking '/home/orin/TeleManus/tm_ws/install/leap_ik_control' for CMake module files
[3.729s] Level 1:colcon.colcon_core.environment:checking '/home/orin/TeleManus/tm_ws/install/leap_ik_control' for CMake config files
[3.731s] Level 1:colcon.colcon_core.environment:checking '/home/orin/TeleManus/tm_ws/install/leap_ik_control/lib'
[3.731s] Level 1:colcon.colcon_core.environment:checking '/home/orin/TeleManus/tm_ws/install/leap_ik_control/bin'
[3.731s] Level 1:colcon.colcon_core.environment:checking '/home/orin/TeleManus/tm_ws/install/leap_ik_control/lib/pkgconfig/leap_ik_control.pc'
[3.732s] Level 1:colcon.colcon_core.environment:checking '/home/orin/TeleManus/tm_ws/install/leap_ik_control/lib/python3.10/site-packages'
[3.732s] Level 1:colcon.colcon_core.shell:create_environment_hook('leap_ik_control', 'pythonpath')
[3.733s] INFO:colcon.colcon_core.shell:Creating environment hook '/home/orin/TeleManus/tm_ws/install/leap_ik_control/share/leap_ik_control/hook/pythonpath.ps1'
[3.734s] INFO:colcon.colcon_core.shell:Creating environment descriptor '/home/orin/TeleManus/tm_ws/install/leap_ik_control/share/leap_ik_control/hook/pythonpath.dsv'
[3.736s] INFO:colcon.colcon_core.shell:Creating environment hook '/home/orin/TeleManus/tm_ws/install/leap_ik_control/share/leap_ik_control/hook/pythonpath.sh'
[3.738s] Level 1:colcon.colcon_core.environment:checking '/home/orin/TeleManus/tm_ws/install/leap_ik_control/bin'
[3.738s] Level 1:colcon.colcon_core.environment:create_environment_scripts_only(leap_ik_control)
[3.739s] INFO:colcon.colcon_core.shell:Creating package script '/home/orin/TeleManus/tm_ws/install/leap_ik_control/share/leap_ik_control/package.ps1'
[3.741s] INFO:colcon.colcon_core.shell:Creating package descriptor '/home/orin/TeleManus/tm_ws/install/leap_ik_control/share/leap_ik_control/package.dsv'
[3.743s] INFO:colcon.colcon_core.shell:Creating package script '/home/orin/TeleManus/tm_ws/install/leap_ik_control/share/leap_ik_control/package.sh'
[3.745s] INFO:colcon.colcon_core.shell:Creating package script '/home/orin/TeleManus/tm_ws/install/leap_ik_control/share/leap_ik_control/package.bash'
[3.746s] INFO:colcon.colcon_core.shell:Creating package script '/home/orin/TeleManus/tm_ws/install/leap_ik_control/share/leap_ik_control/package.zsh'
[3.747s] Level 1:colcon.colcon_core.environment:create_file_with_runtime_dependencies(/home/orin/TeleManus/tm_ws/install/leap_ik_control/share/colcon-core/packages/leap_ik_control)
[3.748s] DEBUG:colcon.colcon_parallel_executor.executor.parallel:closing loop
[3.749s] DEBUG:colcon.colcon_parallel_executor.executor.parallel:loop closed
[3.749s] DEBUG:colcon.colcon_parallel_executor.executor.parallel:run_until_complete finished with '0'
[3.750s] DEBUG:colcon.colcon_core.event_reactor:joining thread
[3.768s] INFO:colcon.colcon_core.plugin_system:Skipping extension 'colcon_notification.desktop_notification.terminal_notifier': Not used on non-Darwin systems
[3.768s] INFO:colcon.colcon_core.plugin_system:Skipping extension 'colcon_notification.desktop_notification.win32': Not used on non-Windows systems
[3.769s] INFO:colcon.colcon_notification.desktop_notification:Sending desktop notification using 'notify2'
[3.812s] DEBUG:colcon.colcon_core.event_reactor:joined thread
[3.813s] INFO:colcon.colcon_core.shell:Creating prefix script '/home/orin/TeleManus/tm_ws/install/local_setup.ps1'
[3.817s] INFO:colcon.colcon_core.shell:Creating prefix util module '/home/orin/TeleManus/tm_ws/install/_local_setup_util_ps1.py'
[3.821s] INFO:colcon.colcon_core.shell:Creating prefix chain script '/home/orin/TeleManus/tm_ws/install/setup.ps1'
[3.824s] INFO:colcon.colcon_core.shell:Creating prefix script '/home/orin/TeleManus/tm_ws/install/local_setup.sh'
[3.826s] INFO:colcon.colcon_core.shell:Creating prefix util module '/home/orin/TeleManus/tm_ws/install/_local_setup_util_sh.py'
[3.827s] INFO:colcon.colcon_core.shell:Creating prefix chain script '/home/orin/TeleManus/tm_ws/install/setup.sh'
[3.830s] INFO:colcon.colcon_core.shell:Creating prefix script '/home/orin/TeleManus/tm_ws/install/local_setup.bash'
[3.831s] INFO:colcon.colcon_core.shell:Creating prefix chain script '/home/orin/TeleManus/tm_ws/install/setup.bash'
[3.833s] INFO:colcon.colcon_core.shell:Creating prefix script '/home/orin/TeleManus/tm_ws/install/local_setup.zsh'
[3.835s] INFO:colcon.colcon_core.shell:Creating prefix chain script '/home/orin/TeleManus/tm_ws/install/setup.zsh'
