running develop
running egg_info
creating leap_ik_control.egg-info
writing leap_ik_control.egg-info/PKG-INFO
writing dependency_links to leap_ik_control.egg-info/dependency_links.txt
writing entry points to leap_ik_control.egg-info/entry_points.txt
writing requirements to leap_ik_control.egg-info/requires.txt
writing top-level names to leap_ik_control.egg-info/top_level.txt
writing manifest file 'leap_ik_control.egg-info/SOURCES.txt'
reading manifest file 'leap_ik_control.egg-info/SOURCES.txt'
writing manifest file 'leap_ik_control.egg-info/SOURCES.txt'
running build_ext
Creating /home/orin/TeleManus/tm_ws/install/leap_ik_control/lib/python3.10/site-packages/leap-ik-control.egg-link (link to .)

Installed /home/orin/TeleManus/tm_ws/build/leap_ik_control
running symlink_data
creating /home/orin/TeleManus/tm_ws/install/leap_ik_control/share/ament_index
creating /home/orin/TeleManus/tm_ws/install/leap_ik_control/share/ament_index/resource_index
creating /home/orin/TeleManus/tm_ws/install/leap_ik_control/share/ament_index/resource_index/packages
symbolically linking /home/orin/TeleManus/tm_ws/build/leap_ik_control/resource/leap_ik_control -> /home/orin/TeleManus/tm_ws/install/leap_ik_control/share/ament_index/resource_index/packages
symbolically linking /home/orin/TeleManus/tm_ws/build/leap_ik_control/package.xml -> /home/orin/TeleManus/tm_ws/install/leap_ik_control/share/leap_ik_control
