[1.918s] Invoking command in '/home/orin/TeleManus/tm_ws/build/leap_ik_control': PYTHONPATH=/home/orin/TeleManus/tm_ws/build/leap_ik_control/prefix_override:/usr/lib/python3/dist-packages/colcon_core/task/python/colcon_distutils_commands:/home/orin/TeleManus/tm_ws/install/leap_ik_control/lib/python3.10/site-packages:${PYTHONPATH} /usr/bin/python3 -W ignore:setup.py install is deprecated setup.py develop --editable --build-directory /home/orin/TeleManus/tm_ws/build/leap_ik_control/build --no-deps symlink_data
[2.473s] running develop
[2.794s] running egg_info
[2.794s] creating leap_ik_control.egg-info
[2.794s] writing leap_ik_control.egg-info/PKG-INFO
[2.795s] writing dependency_links to leap_ik_control.egg-info/dependency_links.txt
[2.795s] writing entry points to leap_ik_control.egg-info/entry_points.txt
[2.795s] writing requirements to leap_ik_control.egg-info/requires.txt
[2.796s] writing top-level names to leap_ik_control.egg-info/top_level.txt
[2.796s] writing manifest file 'leap_ik_control.egg-info/SOURCES.txt'
[2.799s] reading manifest file 'leap_ik_control.egg-info/SOURCES.txt'
[2.800s] writing manifest file 'leap_ik_control.egg-info/SOURCES.txt'
[2.803s] running build_ext
[2.803s] Creating /home/orin/TeleManus/tm_ws/install/leap_ik_control/lib/python3.10/site-packages/leap-ik-control.egg-link (link to .)
[2.805s] 
[2.805s] Installed /home/orin/TeleManus/tm_ws/build/leap_ik_control
[2.805s] running symlink_data
[2.806s] creating /home/orin/TeleManus/tm_ws/install/leap_ik_control/share/ament_index
[2.806s] creating /home/orin/TeleManus/tm_ws/install/leap_ik_control/share/ament_index/resource_index
[2.806s] creating /home/orin/TeleManus/tm_ws/install/leap_ik_control/share/ament_index/resource_index/packages
[2.806s] symbolically linking /home/orin/TeleManus/tm_ws/build/leap_ik_control/resource/leap_ik_control -> /home/orin/TeleManus/tm_ws/install/leap_ik_control/share/ament_index/resource_index/packages
[2.807s] symbolically linking /home/orin/TeleManus/tm_ws/build/leap_ik_control/package.xml -> /home/orin/TeleManus/tm_ws/install/leap_ik_control/share/leap_ik_control
[2.944s] Invoked command in '/home/orin/TeleManus/tm_ws/build/leap_ik_control' returned '0': PYTHONPATH=/home/orin/TeleManus/tm_ws/build/leap_ik_control/prefix_override:/usr/lib/python3/dist-packages/colcon_core/task/python/colcon_distutils_commands:/home/orin/TeleManus/tm_ws/install/leap_ik_control/lib/python3.10/site-packages:${PYTHONPATH} /usr/bin/python3 -W ignore:setup.py install is deprecated setup.py develop --editable --build-directory /home/orin/TeleManus/tm_ws/build/leap_ik_control/build --no-deps symlink_data
