running develop
running egg_info
creating servo_control.egg-info
writing servo_control.egg-info/PKG-INFO
writing dependency_links to servo_control.egg-info/dependency_links.txt
writing entry points to servo_control.egg-info/entry_points.txt
writing requirements to servo_control.egg-info/requires.txt
writing top-level names to servo_control.egg-info/top_level.txt
writing manifest file 'servo_control.egg-info/SOURCES.txt'
reading manifest file 'servo_control.egg-info/SOURCES.txt'
writing manifest file 'servo_control.egg-info/SOURCES.txt'
running build_ext
Creating /home/orin/TeleManus/tm_ws/install/servo_control/lib/python3.10/site-packages/servo-control.egg-link (link to .)

Installed /home/orin/TeleManus/tm_ws/build/servo_control
running symlink_data
creating /home/orin/TeleManus/tm_ws/install/servo_control/share/ament_index
creating /home/orin/TeleManus/tm_ws/install/servo_control/share/ament_index/resource_index
creating /home/orin/TeleManus/tm_ws/install/servo_control/share/ament_index/resource_index/packages
symbolically linking /home/orin/TeleManus/tm_ws/build/servo_control/resource/servo_control -> /home/orin/TeleManus/tm_ws/install/servo_control/share/ament_index/resource_index/packages
symbolically linking /home/orin/TeleManus/tm_ws/build/servo_control/package.xml -> /home/orin/TeleManus/tm_ws/install/servo_control/share/servo_control
