[1.912s] Invoking command in '/home/orin/TeleManus/tm_ws/build/servo_control': PYTHONPATH=/home/orin/TeleManus/tm_ws/build/servo_control/prefix_override:/usr/lib/python3/dist-packages/colcon_core/task/python/colcon_distutils_commands:/home/orin/TeleManus/tm_ws/install/servo_control/lib/python3.10/site-packages:${PYTHONPATH} /usr/bin/python3 -W ignore:setup.py install is deprecated setup.py develop --editable --build-directory /home/orin/TeleManus/tm_ws/build/servo_control/build --no-deps symlink_data
[2.455s] running develop
[2.776s] running egg_info
[2.777s] creating servo_control.egg-info
[2.777s] writing servo_control.egg-info/PKG-INFO
[2.778s] writing dependency_links to servo_control.egg-info/dependency_links.txt
[2.778s] writing entry points to servo_control.egg-info/entry_points.txt
[2.778s] writing requirements to servo_control.egg-info/requires.txt
[2.779s] writing top-level names to servo_control.egg-info/top_level.txt
[2.779s] writing manifest file 'servo_control.egg-info/SOURCES.txt'
[2.782s] reading manifest file 'servo_control.egg-info/SOURCES.txt'
[2.783s] writing manifest file 'servo_control.egg-info/SOURCES.txt'
[2.785s] running build_ext
[2.786s] Creating /home/orin/TeleManus/tm_ws/install/servo_control/lib/python3.10/site-packages/servo-control.egg-link (link to .)
[2.787s] 
[2.788s] Installed /home/orin/TeleManus/tm_ws/build/servo_control
[2.788s] running symlink_data
[2.788s] creating /home/orin/TeleManus/tm_ws/install/servo_control/share/ament_index
[2.789s] creating /home/orin/TeleManus/tm_ws/install/servo_control/share/ament_index/resource_index
[2.789s] creating /home/orin/TeleManus/tm_ws/install/servo_control/share/ament_index/resource_index/packages
[2.789s] symbolically linking /home/orin/TeleManus/tm_ws/build/servo_control/resource/servo_control -> /home/orin/TeleManus/tm_ws/install/servo_control/share/ament_index/resource_index/packages
[2.790s] symbolically linking /home/orin/TeleManus/tm_ws/build/servo_control/package.xml -> /home/orin/TeleManus/tm_ws/install/servo_control/share/servo_control
[2.880s] Invoked command in '/home/orin/TeleManus/tm_ws/build/servo_control' returned '0': PYTHONPATH=/home/orin/TeleManus/tm_ws/build/servo_control/prefix_override:/usr/lib/python3/dist-packages/colcon_core/task/python/colcon_distutils_commands:/home/orin/TeleManus/tm_ws/install/servo_control/lib/python3.10/site-packages:${PYTHONPATH} /usr/bin/python3 -W ignore:setup.py install is deprecated setup.py develop --editable --build-directory /home/orin/TeleManus/tm_ws/build/servo_control/build --no-deps symlink_data
